Using launch settings from D:\git\stickcraft\noz\editor\Properties\launchSettings.json...
D:\git\stickcraft\noz\platform\webgpu\WebGPUGraphicsDriver.cs(75,20): warning CS0649: Field 'WebGPUGraphicsDriver.CachedState.VertexStride' is never assigned to, and will always have its default value 0 [D:\git\stickcraft\noz\platform\webgpu\NoZ.WebGPU.csproj]
D:\git\stickcraft\noz\platform\webgpu\WebGPUGraphicsDriver.cs(33,18): warning CS0414: The field 'WebGPUGraphicsDriver._inRenderPass' is assigned but its value is never used [D:\git\stickcraft\noz\platform\webgpu\NoZ.WebGPU.csproj]
thread '<unnamed>' panicked at src\conv.rs:1352:5:
invalid bind group entry for bind group descriptor
note: run with `RUST_BACKTRACE=1` environment variable to display a backtrace
thread '<unnamed>' panicked at core\src\panicking.rs:221:5:
panic in a function that cannot unwind
stack backtrace:
   0:     0x7ffb29691b31 - wgpu_render_pass_execute_bundles
   1:     0x7ffb296a7a59 - wgpu_render_pass_execute_bundles
   2:     0x7ffb2968ee97 - wgpu_render_pass_execute_bundles
   3:     0x7ffb296938d9 - wgpu_render_pass_execute_bundles
   4:     0x7ffb2969345c - wgpu_render_pass_execute_bundles
   5:     0x7ffb296941e2 - wgpu_render_pass_execute_bundles
   6:     0x7ffb29693fef - wgpu_render_pass_execute_bundles
   7:     0x7ffb2969227f - wgpu_render_pass_execute_bundles
   8:     0x7ffb29693c36 - wgpu_render_pass_execute_bundles
   9:     0x7ffb296cf5cd - wgpu_render_pass_execute_bundles
  10:     0x7ffb296cf673 - wgpu_render_pass_execute_bundles
  11:     0x7ffb296cf70b - wgpu_render_pass_execute_bundles
  12:     0x7ffb2923c9d1 - wgpuDeviceCreateBindGroup
  13:     0x7ffc36910500 - _CxxFrameHandler3
  14:     0x7ffc369033d7 - is_exception_typeof
  15:     0x7ffc52cc1356 - RtlCaptureContext2
  16:     0x7ffb2923bbf7 - wgpuDeviceCreateBindGroup
  17:     0x7ffab936bfc5 - <unknown>
  18:     0x7ffab936bb6e - <unknown>
  19:     0x7ffab9369079 - <unknown>
  20:     0x7ffab9365727 - <unknown>
  21:     0x7ffab93641ce - <unknown>
  22:     0x7ffab8e775c6 - <unknown>
  23:     0x7ffab8e774c4 - <unknown>
  24:     0x7ffb29908e89 - SDL_wcstol
  25:     0x7ffb29907aa0 - SDL_wcstol
  26:     0x7ffb29911aab - SDL_wcstol
  27:     0x7ffb29a2c20f - SDL_wcstol
  28:     0x7ffc52827846 - CallWindowProcW
  29:     0x7ffc5282730c - CallWindowProcW
  30:     0x7ffbe857be13 - wglSwapLayerBuffers
  31:     0x7ffc52827846 - CallWindowProcW
  32:     0x7ffc5282730c - CallWindowProcW
  33:     0x7ffab8e58a6c - <unknown>
  34:     0x7ffab8e589ba - <unknown>
  35:     0x7ffab8e58897 - <unknown>
  36:     0x7ffc52827846 - CallWindowProcW
  37:     0x7ffc528270cc - SendMessageW
  38:     0x7ffc52857e93 - GetWindowDpiAwarenessContext
  39:     0x7ffc52d05be4 - KiUserCallbackDispatcher
  40:     0x7ffc4fe618c4 - NtUserDispatchMessage
  41:     0x7ffc52825508 - IsWindowUnicode
  42:     0x7ffb29a2b270 - SDL_wcstol
  43:     0x7ffb29907882 - SDL_wcstol
  44:     0x7ffb2990864b - SDL_wcstol
  45:     0x7ffab8e77250 - <unknown>
  46:     0x7ffab8e77181 - <unknown>
  47:     0x7ffab8e76ad4 - <unknown>
  48:     0x7ffab8e76a29 - <unknown>
  49:     0x7ffab8e11e3d - <unknown>
  50:     0x7ffb18a199f3 - coreclr_set_error_writer
  51:     0x7ffb189a4912 - <unknown>
  52:     0x7ffb1897646b - <unknown>
  53:     0x7ffb18976ee8 - <unknown>
  54:     0x7ffb18976a8f - <unknown>
  55:     0x7ffb1897719b - <unknown>
  56:     0x7ffb189f8ad2 - coreclr_execute_assembly
  57:     0x7ffc1b77dcda - <unknown>
  58:     0x7ffc1b77df7c - <unknown>
  59:     0x7ffc1b77eef1 - corehost_main
  60:     0x7ffc1b7cd56b - hostfxr_close
  61:     0x7ffc1b7d029c - hostfxr_close
  62:     0x7ffc1b7d2676 - hostfxr_close
  63:     0x7ffc1b7d079d - hostfxr_close
  64:     0x7ffc1b7c8998 - hostfxr_main_startupinfo
  65:     0x7ff6d8432f48 - <unknown>
  66:     0x7ff6d84333c6 - <unknown>
  67:     0x7ff6d8443b08 - <unknown>
  68:     0x7ffc5217e8d7 - BaseThreadInitThunk
  69:     0x7ffc52c2c53c - RtlUserThreadStart
thread caused non-unwinding panic. aborting.
